<?xml version="1.0" encoding="UTF-8"?>
<testng-results ignored="1" total="3" passed="2" failed="0" skipped="0">
  <reporter-output>
  </reporter-output>
  <suite started-at="2022-02-08T01:32:09 IST" name="Default suite" finished-at="2022-02-08T01:32:09 IST" duration-ms="70">
    <groups>
    </groups>
    <test started-at="2022-02-08T01:32:09 IST" name="Default test" finished-at="2022-02-08T01:32:09 IST" duration-ms="70">
      <class name="com.mytest.service.Testmethods">
        <test-method signature="launchBrowser()[pri:2, instance:com.mytest.service.Testmethods@51f116b8]" started-at="2022-02-08T01:32:09 IST" name="launchBrowser" finished-at="2022-02-08T01:32:09 IST" duration-ms="8" status="PASS">
          <reporter-output>
          </reporter-output>
        </test-method> <!-- launchBrowser -->
        <test-method signature="openURL()[pri:65, instance:com.mytest.service.Testmethods@51f116b8]" started-at="2022-02-08T01:32:09 IST" name="openURL" finished-at="2022-02-08T01:32:09 IST" duration-ms="2" status="PASS">
          <reporter-output>
          </reporter-output>
        </test-method> <!-- openURL -->
      </class> <!-- com.mytest.service.Testmethods -->
    </test> <!-- Default test -->
  </suite> <!-- Default suite -->
</testng-results>
