<?xml version="1.0" encoding="UTF-8"?>
<!-- Generated by org.testng.reporters.JUnitXMLReporter -->
<testsuite ignored="1" hostname="LAPTOP-O8PBM4OO" failures="0" tests="2" name="Default test" time="0.07" errors="0" timestamp="2022-02-08T01:32:09 IST">
  <testcase classname="com.mytest.service.Testmethods" name="launchBrowser" time="0.008"/>
  <testcase classname="com.mytest.service.Testmethods" name="openURL" time="0.002"/>
  <testcase classname="com.mytest.service.Testmethods" name="closeBrowser" time="0.0">
    <ignored/>
  </testcase> <!-- closeBrowser -->
</testsuite> <!-- Default test -->
